\BOOKMARK [1][-]{section*.1}{cases}{}% 1
\BOOKMARK [1][-]{section*.2}{cases_ts}{}% 2
\BOOKMARK [1][-]{section*.3}{cases_ts_ct}{}% 3
\BOOKMARK [1][-]{section*.4}{cases_csts_ms}{}% 4
\BOOKMARK [1][-]{section*.5}{cases_csts_ms_ct}{}% 5
\BOOKMARK [1][-]{section*.6}{cases_csts_dp}{}% 6
\BOOKMARK [1][-]{section*.7}{cases_csts_dp_ct}{}% 7
\BOOKMARK [1][-]{section*.8}{cases_ddy}{}% 8
\BOOKMARK [1][-]{section*.9}{cases_ddy_ct}{}% 9
\BOOKMARK [1][-]{section*.10}{cases_net}{}% 10
\BOOKMARK [1][-]{section*.11}{cases_net_ct}{}% 11
\BOOKMARK [1][-]{section*.12}{decisions}{}% 12
\BOOKMARK [1][-]{section*.13}{decisions_ts}{}% 13
\BOOKMARK [1][-]{section*.14}{decisions_ts_ct}{}% 14
\BOOKMARK [1][-]{section*.15}{decisions_csts_ms}{}% 15
\BOOKMARK [1][-]{section*.16}{decisions_csts_ms_ct}{}% 16
\BOOKMARK [1][-]{section*.17}{decisions_csts_dp}{}% 17
\BOOKMARK [1][-]{section*.18}{decisions_csts_dp_ct}{}% 18
\BOOKMARK [1][-]{section*.19}{decisions_ddy}{}% 19
\BOOKMARK [1][-]{section*.20}{decisions_ddy_ct}{}% 20
\BOOKMARK [1][-]{section*.21}{decisions_net}{}% 21
\BOOKMARK [1][-]{section*.22}{decisions_net_ct}{}% 22
